<?xml version="1.0" encoding="utf-8"?><testsuites name="pytest tests"><testsuite name="pytest" errors="0" failures="0" skipped="0" tests="23" time="4.412" timestamp="2026-08-27T20:39:18.913708+00:00" hostname="414d9edd5928"><testcase classname="op_tests.test_q4_group64_gemv" name="test_import_does_not_require_gfx1201" time="0.000" /><testcase classname="op_tests.test_q4_group64_gemv" name="test_arch_cache_is_keyed_by_device_and_does_not_cache_errors" time="0.000" /><testcase classname="op_tests.test_q4_group64_gemv" name="test_auto_dispatch_has_all_measured_plain_shapes" time="0.000" /><testcase classname="op_tests.test_q4_group64_gemv" name="test_python_and_cpp_auto_dispatch_tables_do_not_drift" time="0.000" /><testcase classname="op_tests.test_q4_group64_gemv" name="test_cpu_call_is_rejected_before_jit" time="0.002" /><testcase classname="op_tests.test_q4_group64_gemv" name="test_test_packer_rejects_non_tile_rows_and_non_group_columns" time="0.002" /><testcase classname="op_tests.test_q4_group64_gemv" name="test_packed_tile_round_trip_extremes_scales_and_byte_order" time="0.018" /><testcase classname="op_tests.test_q4_group64_gemv" name="test_all_explicit_mappings[old]" time="0.828" /><testcase classname="op_tests.test_q4_group64_gemv" name="test_all_explicit_mappings[split2]" time="0.038" /><testcase classname="op_tests.test_q4_group64_gemv" name="test_all_explicit_mappings[split4]" time="0.001" /><testcase classname="op_tests.test_q4_group64_gemv" name="test_all_explicit_mappings[split8]" time="0.002" /><testcase classname="op_tests.test_q4_group64_gemv" name="test_all_explicit_mappings[small8x8]" time="0.001" /><testcase classname="op_tests.test_q4_group64_gemv" name="test_all_explicit_mappings[small8x16]" time="0.002" /><testcase classname="op_tests.test_q4_group64_gemv" name="test_all_explicit_mappings[small8x32]" time="0.001" /><testcase classname="op_tests.test_q4_group64_gemv" name="test_all_explicit_mappings[small16x16]" time="0.001" /><testcase classname="op_tests.test_q4_group64_gemv" name="test_all_explicit_mappings[small16x32]" time="0.001" /><testcase classname="op_tests.test_q4_group64_gemv" name="test_all_explicit_mappings[small32x32]" time="0.002" /><testcase classname="op_tests.test_q4_group64_gemv" name="test_public_auto_known_shape_matches_selected_mapping" time="0.058" /><testcase classname="op_tests.test_q4_group64_gemv" name="test_unseen_auto_falls_back_to_boundary_safe_old" time="0.001" /><testcase classname="op_tests.test_q4_group64_gemv" name="test_extreme_int4_and_zero_scales" time="0.069" /><testcase classname="op_tests.test_q4_group64_gemv" name="test_non_default_stream_and_preallocated_private_output" time="0.015" /><testcase classname="op_tests.test_q4_group64_gemv" name="test_invalid_shapes_dtypes_layout_and_mapping" time="0.001" /><testcase classname="op_tests.test_q4_group64_gemv" name="test_invalid_explicit_split_shape_is_rejected" time="0.000" /></testsuite></testsuites>