<?xml version="1.0" encoding="utf-8"?><testsuites name="pytest tests"><testsuite name="pytest" errors="0" failures="0" skipped="0" tests="32" time="22.313" timestamp="2026-08-27T22:03:06.966195+00:00" hostname="5d04a44fac3c"><testcase classname="op_tests.test_q4_group64_gemv" name="test_import_does_not_require_gfx1201" time="0.000" /><testcase classname="op_tests.test_q4_group64_gemv" name="test_python_experimental_gate_rejects_unset_and_disabled" time="0.001" /><testcase classname="op_tests.test_q4_group64_gemv" name="test_arch_cache_is_keyed_by_device_and_does_not_cache_errors" time="0.000" /><testcase classname="op_tests.test_q4_group64_gemv" name="test_auto_dispatch_has_all_measured_plain_shapes" time="0.000" /><testcase classname="op_tests.test_q4_group64_gemv" name="test_python_and_cpp_auto_dispatch_tables_do_not_drift" time="0.000" /><testcase classname="op_tests.test_q4_group64_gemv" name="test_cpp_auto_dispatch_has_exact_rx_9070_xt_guard" time="0.000" /><testcase classname="op_tests.test_q4_group64_gemv" name="test_cpu_call_is_rejected_before_jit" time="0.000" /><testcase classname="op_tests.test_q4_group64_gemv" name="test_test_packer_rejects_non_tile_rows_and_non_group_columns" time="0.000" /><testcase classname="op_tests.test_q4_group64_gemv" name="test_benchmark_cli_rejects_when_no_requested_mapping_is_legal" time="0.001" /><testcase classname="op_tests.test_q4_group64_gemv" name="test_benchmark_auto_uses_public_call_and_controls_allocate_equally" time="0.000" /><testcase classname="op_tests.test_q4_group64_gemv" name="test_benchmark_pci_chip_id_uses_valid_aiter_helper_value" time="0.000" /><testcase classname="op_tests.test_q4_group64_gemv" name="test_benchmark_pci_chip_id_falls_back_from_rocm72_helper_value" time="0.000" /><testcase classname="op_tests.test_q4_group64_gemv" name="test_benchmark_pci_chip_id_fallback_fails_closed" time="0.000" /><testcase classname="op_tests.test_q4_group64_gemv" name="test_benchmark_requires_exact_rx_9070_xt_identity" time="0.000" /><testcase classname="op_tests.test_q4_group64_gemv" name="test_packed_tile_round_trip_extremes_scales_and_byte_order" time="0.001" /><testcase classname="op_tests.test_q4_group64_gemv" name="test_all_explicit_mappings[old]" time="7.000" /><testcase classname="op_tests.test_q4_group64_gemv" name="test_all_explicit_mappings[split2]" time="0.079" /><testcase classname="op_tests.test_q4_group64_gemv" name="test_all_explicit_mappings[split4]" time="0.016" /><testcase classname="op_tests.test_q4_group64_gemv" name="test_all_explicit_mappings[split8]" time="0.002" /><testcase classname="op_tests.test_q4_group64_gemv" name="test_all_explicit_mappings[small8x8]" time="0.004" /><testcase classname="op_tests.test_q4_group64_gemv" name="test_all_explicit_mappings[small8x16]" time="0.013" /><testcase classname="op_tests.test_q4_group64_gemv" name="test_all_explicit_mappings[small8x32]" time="0.001" /><testcase classname="op_tests.test_q4_group64_gemv" name="test_all_explicit_mappings[small16x16]" time="0.003" /><testcase classname="op_tests.test_q4_group64_gemv" name="test_all_explicit_mappings[small16x32]" time="0.002" /><testcase classname="op_tests.test_q4_group64_gemv" name="test_all_explicit_mappings[small32x32]" time="0.002" /><testcase classname="op_tests.test_q4_group64_gemv" name="test_public_auto_known_shape_matches_selected_mapping" time="0.058" /><testcase classname="op_tests.test_q4_group64_gemv" name="test_unseen_auto_falls_back_to_boundary_safe_old" time="0.001" /><testcase classname="op_tests.test_q4_group64_gemv" name="test_extreme_int4_and_zero_scales" time="0.070" /><testcase classname="op_tests.test_q4_group64_gemv" name="test_public_non_default_stream_and_preallocated_private_output" time="0.006" /><testcase classname="op_tests.test_q4_group64_gemv" name="test_runtime_gate_disables_loaded_public_and_direct_cpp_entries" time="0.002" /><testcase classname="op_tests.test_q4_group64_gemv" name="test_invalid_shapes_dtypes_layout_and_mapping" time="0.001" /><testcase classname="op_tests.test_q4_group64_gemv" name="test_invalid_explicit_split_shape_is_rejected" time="0.000" /></testsuite></testsuites>